
Reverse Engineering Done.

Removing Generalization 'User' from Actor 'Operator'. 
Removing Generalization 'User' from Actor 'Researcher'. 
Adding Event 'evCollectData()' to Package 'ANALYSIS'. 
Adding Event 'failedToCollectSensorConfiguration()' to Package 'ANALYSIS'. 
Adding Event 'reqSensorThresholds()' to Package 'ANALYSIS'. 
Adding Event 'reqGeographicalVariables()' to Package 'ANALYSIS'. 
Adding Event 'failedToCollectGeoData()' to Package 'ANALYSIS'. 
Adding Event 'evProcessData()' to Package 'ANALYSIS'. 
Adding Event 'evReturnData()' to Package 'ANALYSIS'. 
Adding Event 'reqDataFromSensors()' to Package 'ANALYSIS'. 
Adding Event 'evSensorsReadyToCollectData()' to Package 'ANALYSIS'. 
Adding Event 'failedToCollectSensorData()' to Package 'ANALYSIS'. 
Adding Event 'evCheckDataAvailability()' to Package 'ANALYSIS'. 
Adding Event 'reqSensorsData()' to Package 'ANALYSIS'. 
Adding AssociationEnd 'itsSensorDataProcessor' to Class 'DataCollector'. 
Adding Object 'itsImageProcessor' to Class 'DataProcessor'. 
Adding Object 'itsSensorDataProcessor' to Class 'DataProcessor'. 
Adding Generalization 'OMReactive' to Class 'DataProcessor'. 
Adding AssociationEnd 'itsImageProcessor' to Class 'ImageCollector'. 
Removing Generalization 'DataProcessor' from Class 'SensorDataProcessor'. 
Removing AssociationEnd 'itsGeographicalConfiguration' from Class 'SensorDataProcessor'. 
Removing AssociationEnd 'itsSensorConfiguration' from Class 'SensorDataProcessor'. 
Removing AssociationEnd 'itsDataPublisher' from Class 'SensorDataProcessor'. 
Removing AssociationEnd 'itsCloudClient' from Class 'SensorDataProcessor'. 
Removing AssociationEnd 'itsDataCollector' from Class 'SensorDataProcessor'. 
Removing Generalization 'DataProcessor' from Class 'ImageProcessor'. 
Removing AssociationEnd 'itsCloudClient' from Class 'ImageProcessor'. 
Removing AssociationEnd 'itsDataPublisher' from Class 'ImageProcessor'. 
Removing AssociationEnd 'itsImageCollector' from Class 'ImageProcessor'. 
Adding AssociationEnd 'itsCloudStorageInterface' to Class 'ImageProcessor'. 
Adding AssociationEnd 'itsDashboardPublisher' to Class 'ImageProcessor'. 
Adding AssociationEnd 'itsGeographicalConfiguration' to Class 'ImageProcessor'. 
Adding AssociationEnd 'itsPredictionModelPublisher' to Class 'ImageProcessor'. 
Removing Generalization 'DataPublisher' from Class 'DashboardPublisher'. 
Removing Generalization 'DataPublisher' from Class 'PredictionModelPublisher'. 
Adding Class 'OMReactive' to Package 'DESIGN'. 
Source Artifacts have been added to the model to ensure that the generated code reflects details from the original code, such as global comments, preprocessor directives, and the order of elements. See the log file for more details.
To view the Source Artifacts in the Rhapsody browser, open the View menu and select Browser Display Options > Show Source Artifacts.
Source Artifacts were added for the following files:
Adding File 'AlertedGroup:impl' to Actor 'AlertedGroup'.
Adding File 'AlertedGroup:spec' to Actor 'AlertedGroup'.
Adding File 'AtmosphericDataProcessor:impl' to Class 'AtmosphericDataProcessor'.
Adding File 'AtmosphericDataProcessor:spec' to Class 'AtmosphericDataProcessor'.
Adding File 'Cloud:impl' to Class 'Cloud'.
Adding File 'Cloud:spec' to Class 'Cloud'.
Adding File 'Dashboard:impl' to Class 'Dashboard'.
Adding File 'Dashboard:spec' to Class 'Dashboard'.
Adding File 'DashboardPublisher:impl' to Class 'DashboardPublisher'.
Adding File 'DashboardPublisher:spec' to Class 'DashboardPublisher'.
Adding File 'DataCollector:impl' to Class 'DataCollector'.
Adding File 'DataCollector:spec' to Class 'DataCollector'.
Adding File 'DataObserver:impl' to Class 'DataObserver'.
Adding File 'DataObserver:spec' to Class 'DataObserver'.
Adding File 'DataProcessor:impl' to Class 'DataProcessor'.
Adding File 'DataProcessor:spec' to Class 'DataProcessor'.
Adding File 'Default:impl' to Package 'Default'.
Adding File 'Default:spec' to Package 'Default'.
Adding File 'GeographicalConfiguration:impl' to Class 'GeographicalConfiguration'.
Adding File 'GeographicalConfiguration:spec' to Class 'GeographicalConfiguration'.
Adding File 'ImageCollector:impl' to Class 'ImageCollector'.
Adding File 'ImageCollector:spec' to Class 'ImageCollector'.
Adding File 'ImageDataObserver:impl' to Class 'ImageDataObserver'.
Adding File 'ImageDataObserver:spec' to Class 'ImageDataObserver'.
Adding File 'ImageProcessor:impl' to Class 'ImageProcessor'.
Adding File 'ImageProcessor:spec' to Class 'ImageProcessor'.
Adding File 'NotificationChannel:impl' to Class 'NotificationChannel'.
Adding File 'NotificationChannel:spec' to Class 'NotificationChannel'.
Adding File 'Operator:impl' to Actor 'Operator'.
Adding File 'Operator:spec' to Actor 'Operator'.
Adding File 'PredictionModelPublisher:impl' to Class 'PredictionModelPublisher'.
Adding File 'PredictionModelPublisher:spec' to Class 'PredictionModelPublisher'.
Adding File 'Researcher:impl' to Actor 'Researcher'.
Adding File 'Researcher:spec' to Actor 'Researcher'.
Adding File 'SateliteImage:impl' to Class 'SateliteImage'.
Adding File 'SateliteImage:spec' to Class 'SateliteImage'.
Adding File 'SateliteImageProcessor:impl' to Class 'SateliteImageProcessor'.
Adding File 'SateliteImageProcessor:spec' to Class 'SateliteImageProcessor'.
Adding File 'SensorConfiguration:impl' to Class 'SensorConfiguration'.
Adding File 'SensorConfiguration:spec' to Class 'SensorConfiguration'.
Adding File 'SensorDataProcessor:impl' to Class 'SensorDataProcessor'.
Adding File 'SensorDataProcessor:spec' to Class 'SensorDataProcessor'.
Adding File 'Sensors:impl' to Class 'Sensors'.
Adding File 'Sensors:spec' to Class 'Sensors'.
Adding File 'SMSWTD:impl' to Class 'SMSWTD'.
Adding File 'SMSWTD:spec' to Class 'SMSWTD'.
Adding File 'StormProjectionProcessor:impl' to Class 'StormProjectionProcessor'.
Adding File 'StormProjectionProcessor:spec' to Class 'StormProjectionProcessor'.
Adding File 'StormSensor:impl' to Class 'StormSensor'.
Adding File 'StormSensor:spec' to Class 'StormSensor'.
Adding File 'TectonicMovementProcessor:impl' to Class 'TectonicMovementProcessor'.
Adding File 'TectonicMovementProcessor:spec' to Class 'TectonicMovementProcessor'.
Adding File 'USECASES:impl' to Package 'USECASES'.
Adding File 'USECASES:spec' to Package 'USECASES'.
Adding File 'User:impl' to Actor 'User'.
Adding File 'User:spec' to Actor 'User'.
Adding File 'WaterDataProcessor:impl' to Class 'WaterDataProcessor'.
Adding File 'WaterDataProcessor:spec' to Class 'WaterDataProcessor'.
Adding File 'WaterFlowDetector:impl' to Class 'WaterFlowDetector'.
Adding File 'WaterFlowDetector:spec' to Class 'WaterFlowDetector'.
Adding File 'WaterFlowProcessor:impl' to Class 'WaterFlowProcessor'.
Adding File 'WaterFlowProcessor:spec' to Class 'WaterFlowProcessor'.
Adding File 'WaterPressureProcessor:impl' to Class 'WaterPressureProcessor'.
Adding File 'WaterPressureProcessor:spec' to Class 'WaterPressureProcessor'.
Adding File 'WaterPressureSensor:impl' to Class 'WaterPressureSensor'.
Adding File 'WaterPressureSensor:spec' to Class 'WaterPressureSensor'.
Adding File 'WeatherSensor:impl' to Class 'WeatherSensor'.
Adding File 'WeatherSensor:spec' to Class 'WeatherSensor'.

